[debug] [2018-09-27T20:43:14.951Z] ----------------------------------------------------------------------
[debug] [2018-09-27T20:43:14.956Z] Command:       C:\Program Files\nodejs\node.exe C:\Users\Tmura\AppData\Roaming\npm\node_modules\firebase-tools\bin\firebase deploy --only functions
[debug] [2018-09-27T20:43:14.956Z] CLI Version:   4.1.2
[debug] [2018-09-27T20:43:14.956Z] Platform:      win32
[debug] [2018-09-27T20:43:14.956Z] Node Version:  v8.11.3
[debug] [2018-09-27T20:43:14.958Z] Time:          Thu Sep 27 2018 23:43:14 GMT+0300 (Jerusalem Daylight Time)
[debug] [2018-09-27T20:43:14.958Z] ----------------------------------------------------------------------
[debug] 
[debug] [2018-09-27T20:43:15.002Z] > command requires scopes: ["email","openid","https://www.googleapis.com/auth/cloudplatformprojects.readonly","https://www.googleapis.com/auth/firebase","https://www.googleapis.com/auth/cloud-platform"]
[debug] [2018-09-27T20:43:15.002Z] > authorizing via signed-in user
[debug] [2018-09-27T20:43:15.006Z] >>> HTTP REQUEST GET https://admin.firebase.com/v1/projects/kadima1-fa119  
 
[debug] [2018-09-27T20:43:17.191Z] <<< HTTP RESPONSE 200
[info] 
[info] === Deploying to 'kadima1-fa119'...
[info] 
[info] i  deploying functions
[info] Running command: npm --prefix "%RESOURCE_DIR%" run lint
[info] Running command: npm --prefix "%RESOURCE_DIR%" run build
[info] +  functions: Finished running predeploy script.
[debug] [2018-09-27T20:44:12.565Z] > [functions] package.json contents: {
  "name": "functions",
  "scripts": {
    "lint": "tslint --project tsconfig.json",
    "build": "tsc",
    "serve": "npm run build && firebase serve --only functions",
    "shell": "npm run build && firebase functions:shell",
    "start": "npm run shell",
    "deploy": "firebase deploy --only functions",
    "logs": "firebase functions:log"
  },
  "main": "lib/index.js",
  "dependencies": {
    "@types/node": "^10.5.7",
    "child-process-promise": "^2.2.1",
    "csv-file-creator": "^1.0.8",
    "dot-object": "^1.7.0",
    "emailjs": "^2.2.0",
    "file-saver": "^1.3.8",
    "firebase-admin": "~6.0.0",
    "firebase-functions": "^2.0.3",
    "fs-extra": "^7.0.0",
    "json2csv": "^4.2.1",
    "lodash": "^4.17.11",
    "p-iteration": "^1.1.7",
    "python-shell": "^1.0.4",
    "save": "^2.3.2",
    "shortid": "^2.2.13",
    "typescript": "^3.0.1",
    "write-json-file": "^3.0.2",
    "xlsx": "^0.14.0"
  },
  "devDependencies": {
    "commander": "^2.15.1",
    "tslint": "~5.8.0"
  },
  "private": true
}
[info] i  functions: ensuring necessary APIs are enabled...
[debug] [2018-09-27T20:44:12.568Z] >>> HTTP REQUEST GET https://servicemanagement.googleapis.com/v1/services/cloudfunctions.googleapis.com/projectSettings/kadima1-fa119?view=CONSUMER_VIEW  
 
[debug] [2018-09-27T20:44:12.569Z] >>> HTTP REQUEST GET https://servicemanagement.googleapis.com/v1/services/runtimeconfig.googleapis.com/projectSettings/kadima1-fa119?view=CONSUMER_VIEW  
 
[debug] [2018-09-27T20:44:19.676Z] <<< HTTP RESPONSE 200
[info] +  functions: all necessary APIs are enabled
[debug] [2018-09-27T20:44:54.968Z] Error: connect ETIMEDOUT 172.217.18.170:443
    at Object._errnoException (util.js:992:11)
    at _exceptionWithHostPort (util.js:1014:20)
    at TCPConnectWrap.afterConnect [as oncomplete] (net.js:1186:14)
[error] 
[error] Error: Server Error. connect ETIMEDOUT 172.217.18.170:443
[debug] [2018-09-27T20:45:16.352Z] ----------------------------------------------------------------------
[debug] [2018-09-27T20:45:16.357Z] Command:       C:\Program Files\nodejs\node.exe C:\Users\Tmura\AppData\Roaming\npm\node_modules\firebase-tools\bin\firebase deploy --only functions
[debug] [2018-09-27T20:45:16.358Z] CLI Version:   4.1.2
[debug] [2018-09-27T20:45:16.358Z] Platform:      win32
[debug] [2018-09-27T20:45:16.358Z] Node Version:  v8.11.3
[debug] [2018-09-27T20:45:16.360Z] Time:          Thu Sep 27 2018 23:45:16 GMT+0300 (Jerusalem Daylight Time)
[debug] [2018-09-27T20:45:16.360Z] ----------------------------------------------------------------------
[debug] 
[debug] [2018-09-27T20:45:16.378Z] > command requires scopes: ["email","openid","https://www.googleapis.com/auth/cloudplatformprojects.readonly","https://www.googleapis.com/auth/firebase","https://www.googleapis.com/auth/cloud-platform"]
[debug] [2018-09-27T20:45:16.379Z] > authorizing via signed-in user
[debug] [2018-09-27T20:45:16.382Z] >>> HTTP REQUEST GET https://admin.firebase.com/v1/projects/kadima1-fa119  
 
[debug] [2018-09-27T20:45:20.630Z] <<< HTTP RESPONSE 200
[info] 
[info] === Deploying to 'kadima1-fa119'...
[info] 
[info] i  deploying functions
[info] Running command: npm --prefix "%RESOURCE_DIR%" run lint
[info] Running command: npm --prefix "%RESOURCE_DIR%" run build
[info] +  functions: Finished running predeploy script.
[debug] [2018-09-27T20:46:17.606Z] > [functions] package.json contents: {
  "name": "functions",
  "scripts": {
    "lint": "tslint --project tsconfig.json",
    "build": "tsc",
    "serve": "npm run build && firebase serve --only functions",
    "shell": "npm run build && firebase functions:shell",
    "start": "npm run shell",
    "deploy": "firebase deploy --only functions",
    "logs": "firebase functions:log"
  },
  "main": "lib/index.js",
  "dependencies": {
    "@types/node": "^10.5.7",
    "child-process-promise": "^2.2.1",
    "csv-file-creator": "^1.0.8",
    "dot-object": "^1.7.0",
    "emailjs": "^2.2.0",
    "file-saver": "^1.3.8",
    "firebase-admin": "~6.0.0",
    "firebase-functions": "^2.0.3",
    "fs-extra": "^7.0.0",
    "json2csv": "^4.2.1",
    "lodash": "^4.17.11",
    "p-iteration": "^1.1.7",
    "python-shell": "^1.0.4",
    "save": "^2.3.2",
    "shortid": "^2.2.13",
    "typescript": "^3.0.1",
    "write-json-file": "^3.0.2",
    "xlsx": "^0.14.0"
  },
  "devDependencies": {
    "commander": "^2.15.1",
    "tslint": "~5.8.0"
  },
  "private": true
}
[info] i  functions: ensuring necessary APIs are enabled...
[debug] [2018-09-27T20:46:17.609Z] >>> HTTP REQUEST GET https://servicemanagement.googleapis.com/v1/services/cloudfunctions.googleapis.com/projectSettings/kadima1-fa119?view=CONSUMER_VIEW  
 
[debug] [2018-09-27T20:46:17.611Z] >>> HTTP REQUEST GET https://servicemanagement.googleapis.com/v1/services/runtimeconfig.googleapis.com/projectSettings/kadima1-fa119?view=CONSUMER_VIEW  
 
[debug] [2018-09-27T20:46:59.699Z] Error: connect ETIMEDOUT 216.58.205.234:443
    at Object._errnoException (util.js:992:11)
    at _exceptionWithHostPort (util.js:1014:20)
    at TCPConnectWrap.afterConnect [as oncomplete] (net.js:1186:14)
[error] 
[error] Error: Server Error. connect ETIMEDOUT 216.58.205.234:443
[debug] [2018-09-27T20:47:36.737Z] ----------------------------------------------------------------------
[debug] [2018-09-27T20:47:36.741Z] Command:       C:\Program Files\nodejs\node.exe C:\Users\Tmura\AppData\Roaming\npm\node_modules\firebase-tools\bin\firebase deploy --only functions
[debug] [2018-09-27T20:47:36.741Z] CLI Version:   4.1.2
[debug] [2018-09-27T20:47:36.742Z] Platform:      win32
[debug] [2018-09-27T20:47:36.742Z] Node Version:  v8.11.3
[debug] [2018-09-27T20:47:36.743Z] Time:          Thu Sep 27 2018 23:47:36 GMT+0300 (Jerusalem Daylight Time)
[debug] [2018-09-27T20:47:36.743Z] ----------------------------------------------------------------------
[debug] 
[debug] [2018-09-27T20:47:36.763Z] > command requires scopes: ["email","openid","https://www.googleapis.com/auth/cloudplatformprojects.readonly","https://www.googleapis.com/auth/firebase","https://www.googleapis.com/auth/cloud-platform"]
[debug] [2018-09-27T20:47:36.764Z] > authorizing via signed-in user
[debug] [2018-09-27T20:47:36.768Z] >>> HTTP REQUEST GET https://admin.firebase.com/v1/projects/kadima1-fa119  
 
[debug] [2018-09-27T20:48:19.535Z] Error: connect ETIMEDOUT 104.197.85.31:443
    at Object._errnoException (util.js:992:11)
    at _exceptionWithHostPort (util.js:1014:20)
    at TCPConnectWrap.afterConnect [as oncomplete] (net.js:1186:14)
[error] 
[error] Error: Server Error. connect ETIMEDOUT 104.197.85.31:443
[debug] [2018-09-27T20:48:35.413Z] ----------------------------------------------------------------------
[debug] [2018-09-27T20:48:35.417Z] Command:       C:\Program Files\nodejs\node.exe C:\Users\Tmura\AppData\Roaming\npm\node_modules\firebase-tools\bin\firebase deploy --only functions
[debug] [2018-09-27T20:48:35.417Z] CLI Version:   4.1.2
[debug] [2018-09-27T20:48:35.417Z] Platform:      win32
[debug] [2018-09-27T20:48:35.417Z] Node Version:  v8.11.3
[debug] [2018-09-27T20:48:35.419Z] Time:          Thu Sep 27 2018 23:48:35 GMT+0300 (Jerusalem Daylight Time)
[debug] [2018-09-27T20:48:35.420Z] ----------------------------------------------------------------------
[debug] 
[debug] [2018-09-27T20:48:35.440Z] > command requires scopes: ["email","openid","https://www.googleapis.com/auth/cloudplatformprojects.readonly","https://www.googleapis.com/auth/firebase","https://www.googleapis.com/auth/cloud-platform"]
[debug] [2018-09-27T20:48:35.441Z] > authorizing via signed-in user
[debug] [2018-09-27T20:48:35.445Z] >>> HTTP REQUEST GET https://admin.firebase.com/v1/projects/kadima1-fa119  
 
[debug] [2018-09-27T20:49:17.809Z] Error: connect ETIMEDOUT 104.197.85.31:443
    at Object._errnoException (util.js:992:11)
    at _exceptionWithHostPort (util.js:1014:20)
    at TCPConnectWrap.afterConnect [as oncomplete] (net.js:1186:14)
[error] 
[error] Error: Server Error. connect ETIMEDOUT 104.197.85.31:443
